Determining if the pthread_create exist failed with the following output:
Change Dir: /home/ffe/git/OpenAudioLibraryStudy/RtAudio_scratch/build/CMakeFiles/CMakeTmp

Run Build Command:"/usr/bin/make" "cmTC_b7c27/fast"
/usr/bin/make -f CMakeFiles/cmTC_b7c27.dir/build.make CMakeFiles/cmTC_b7c27.dir/build
make[1]: Entering directory '/home/ffe/git/OpenAudioLibraryStudy/RtAudio_scratch/build/CMakeFiles/CMakeTmp'
Building C object CMakeFiles/cmTC_b7c27.dir/CheckSymbolExists.c.o
/usr/bin/cc     -o CMakeFiles/cmTC_b7c27.dir/CheckSymbolExists.c.o   -c /home/ffe/git/OpenAudioLibraryStudy/RtAudio_scratch/build/CMakeFiles/CMakeTmp/CheckSymbolExists.c
Linking C executable cmTC_b7c27
/usr/bin/cmake -E cmake_link_script CMakeFiles/cmTC_b7c27.dir/link.txt --verbose=1
/usr/bin/cc       CMakeFiles/cmTC_b7c27.dir/CheckSymbolExists.c.o  -o cmTC_b7c27 
CMakeFiles/cmTC_b7c27.dir/CheckSymbolExists.c.o: In function `main':
CheckSymbolExists.c:(.text+0x16): undefined reference to `pthread_create'
collect2: error: ld returned 1 exit status
CMakeFiles/cmTC_b7c27.dir/build.make:97: recipe for target 'cmTC_b7c27' failed
make[1]: *** [cmTC_b7c27] Error 1
make[1]: Leaving directory '/home/ffe/git/OpenAudioLibraryStudy/RtAudio_scratch/build/CMakeFiles/CMakeTmp'
Makefile:126: recipe for target 'cmTC_b7c27/fast' failed
make: *** [cmTC_b7c27/fast] Error 2

File /home/ffe/git/OpenAudioLibraryStudy/RtAudio_scratch/build/CMakeFiles/CMakeTmp/CheckSymbolExists.c:
/* */
#include <pthread.h>

int main(int argc, char** argv)
{
  (void)argv;
#ifndef pthread_create
  return ((int*)(&pthread_create))[argc];
#else
  (void)argc;
  return 0;
#endif
}

Determining if the function pthread_create exists in the pthreads failed with the following output:
Change Dir: /home/ffe/git/OpenAudioLibraryStudy/RtAudio_scratch/build/CMakeFiles/CMakeTmp

Run Build Command:"/usr/bin/make" "cmTC_001c2/fast"
/usr/bin/make -f CMakeFiles/cmTC_001c2.dir/build.make CMakeFiles/cmTC_001c2.dir/build
make[1]: Entering directory '/home/ffe/git/OpenAudioLibraryStudy/RtAudio_scratch/build/CMakeFiles/CMakeTmp'
Building C object CMakeFiles/cmTC_001c2.dir/CheckFunctionExists.c.o
/usr/bin/cc    -DCHECK_FUNCTION_EXISTS=pthread_create   -o CMakeFiles/cmTC_001c2.dir/CheckFunctionExists.c.o   -c /usr/share/cmake-3.5/Modules/CheckFunctionExists.c
Linking C executable cmTC_001c2
/usr/bin/cmake -E cmake_link_script CMakeFiles/cmTC_001c2.dir/link.txt --verbose=1
/usr/bin/cc   -DCHECK_FUNCTION_EXISTS=pthread_create    CMakeFiles/cmTC_001c2.dir/CheckFunctionExists.c.o  -o cmTC_001c2 -lpthreads 
/usr/bin/ld: cannot find -lpthreads
collect2: error: ld returned 1 exit status
CMakeFiles/cmTC_001c2.dir/build.make:97: recipe for target 'cmTC_001c2' failed
make[1]: *** [cmTC_001c2] Error 1
make[1]: Leaving directory '/home/ffe/git/OpenAudioLibraryStudy/RtAudio_scratch/build/CMakeFiles/CMakeTmp'
Makefile:126: recipe for target 'cmTC_001c2/fast' failed
make: *** [cmTC_001c2/fast] Error 2


